<?xml version="1.0" encoding="UTF-8"?>
<robot generator="Robot 7.4.2 (Python 3.14.0 on win32)" generated="2026-06-20T16:46:31.507428" rpa="false" schemaversion="5">
<suite id="s1" name="Tests" source="D:\MISSI\💀 Segundo Cuatrimestre 💀\Trabajo Fin de Máster\Desarrollo\CliniCore_Tests\tests">
<kw name="Inicializar Sesion Global" type="SETUP">
<kw name="Obtener Token De Autenticacion" owner="auth_keywords">
<kw name="Create Dictionary" owner="BuiltIn">
<msg time="2026-06-20T16:46:31.729264" level="INFO">${body} = {'email': 'admin.rf@clinicore.qa', 'password': 'Admin123!'}</msg>
<var>${body}</var>
<arg>email=${ADMIN_EMAIL}</arg>
<arg>password=${ADMIN_PASSWORD}</arg>
<doc>Creates and returns a dictionary based on the given ``items``.</doc>
<status status="PASS" start="2026-06-20T16:46:31.728638" elapsed="0.000666"/>
</kw>
<kw name="POST" owner="RequestsLibrary">
<msg time="2026-06-20T16:46:31.970112" level="INFO">POST Request : url=http://localhost:3002/api/v1/auth/login 
 path_url=/api/v1/auth/login 
 headers={'User-Agent': 'python-requests/2.34.2', 'Accept-Encoding': 'gzip, deflate, zstd', 'Accept': '*/*', 'Connection': 'keep-alive', 'Content-Length': '59', 'Content-Type': 'application/json'} 
 body=b'{"email": "admin.rf@clinicore.qa", "password": "Admin123!"}' 
 </msg>
<msg time="2026-06-20T16:46:31.970253" level="INFO">POST Response : url=http://localhost:3002/api/v1/auth/login 
 status=201, reason=Created 
 headers={'Content-Security-Policy': "default-src 'self';base-uri 'self';font-src 'self' https: data:;form-action 'self';frame-ancestors 'self';img-src 'self' data:;object-src 'none';script-src 'self';script-src-attr 'none';style-src 'self' https: 'unsafe-inline';upgrade-insecure-requests", 'Cross-Origin-Opener-Policy': 'same-origin', 'Cross-Origin-Resource-Policy': 'cross-origin', 'Origin-Agent-Cluster': '?1', 'Referrer-Policy': 'no-referrer', 'Strict-Transport-Security': 'max-age=31536000; includeSubDomains; preload', 'X-Content-Type-Options': 'nosniff', 'X-DNS-Prefetch-Control': 'off', 'X-Download-Options': 'noopen', 'X-Frame-Options': 'DENY', 'X-Permitted-Cross-Domain-Policies': 'none', 'X-XSS-Protection': '0', 'Vary': 'Origin', 'Access-Control-Allow-Credentials': 'true', 'X-RateLimit-Limit': '300', 'X-RateLimit-Remaining': '299', 'X-RateLimit-Reset': '60', 'Content-Type': 'application/json; charset=utf-8', 'Content-Length': '889', 'ETag': 'W/"379-+7vN7V/4qfZynA4oKLq31qU70eQ"', 'Date': 'Sat, 20 Jun 2026 21:46:31 GMT', 'Connection': 'keep-alive', 'Keep-Alive': 'timeout=5'} 
 body={"access_token":"eyJhbGciOiJIUzI1NiIsInR5cCI6IkpXVCJ9.eyJzdWIiOjU2LCJlbWFpbCI6ImFkbWluLnJmQGNsaW5pY29yZS5xYSIsIm5vbWJyZXMiOiJBZG1pbiBSb2JvdCBGcmFtZXdvcmsiLCJyb2xJZCI6MSwic3VjdXJzYWxJZCI6MSwiaWF0IjoxNzgxOTkxOTkxLCJleHAiOjE3ODE5OTI4OTF9.dvhuIeZik3UZIchXS96LLRGu7tqVUnCXozkEo5TybZA","usuario":{"id":56,"nombres":"Admin Robot Framework","email":"admin.rf@clinicore.qa","celular":"3000000099","cargo":"Administrador QA","roles":"Administrador","foto":null,"estado":"ACTIVO","sucursalId":1,"rolId":1,"sucursal":{"id":1,"nombre":"Sede Norte","direccion":"Calle 123 #45-67","telefono":"3005551001","email":"norte@clinicavet.test","redes":"https://instagram.com/clinicavet.norte","logo":"https://picsum.photos/seed/sede-norte/600/400","estado":"ACTIVO"},"rol":{"id":1,"nombre":"Administrador","descripcion":"Acceso completo a la plataforma.","permisoIds":[1,2,3,4,5,6,7,8,9,10],"estado":"ACTIVO"}}} 
 </msg>
<msg time="2026-06-20T16:46:31.970415" level="INFO">${resp} = &lt;Response [201]&gt;</msg>
<var>${resp}</var>
<arg>url=${GATEWAY_URL}/auth/login</arg>
<arg>json=${body}</arg>
<arg>expected_status=201</arg>
<doc>Sends a POST request.</doc>
<status status="PASS" start="2026-06-20T16:46:31.729443" elapsed="0.240997"/>
</kw>
<kw name="Dictionary Should Contain Key" owner="Collections">
<arg>${resp.json()}</arg>
<arg>access_token</arg>
<doc>Fails if ``key`` is not found from ``dictionary``.</doc>
<status status="PASS" start="2026-06-20T16:46:31.970590" elapsed="0.000578"/>
</kw>
<kw name="Get From Dictionary" owner="Collections">
<msg time="2026-06-20T16:46:31.971699" level="INFO">${token} = eyJhbGciOiJIUzI1NiIsInR5cCI6IkpXVCJ9.eyJzdWIiOjU2LCJlbWFpbCI6ImFkbWluLnJmQGNsaW5pY29yZS5xYSIsIm5vbWJyZXMiOiJBZG1pbiBSb2JvdCBGcmFtZXdvcmsiLCJyb2xJZCI6MSwic3VjdXJzYWxJZCI6MSwiaWF0IjoxNzgxOTkxOTkxLCJleHA...</msg>
<var>${token}</var>
<arg>${resp.json()}</arg>
<arg>access_token</arg>
<doc>Returns a value from the given ``dictionary`` based on the given ``key``.</doc>
<status status="PASS" start="2026-06-20T16:46:31.971251" elapsed="0.000470"/>
</kw>
<kw name="Should Not Be Empty" owner="BuiltIn">
<msg time="2026-06-20T16:46:31.972192" level="INFO">Length is 261.</msg>
<arg>${token}</arg>
<doc>Verifies that the given item is not empty.</doc>
<status status="PASS" start="2026-06-20T16:46:31.971795" elapsed="0.000434"/>
</kw>
<return>
<value>${token}</value>
<status status="PASS" start="2026-06-20T16:46:31.972273" elapsed="0.000059"/>
</return>
<msg time="2026-06-20T16:46:31.972447" level="INFO">${token} = eyJhbGciOiJIUzI1NiIsInR5cCI6IkpXVCJ9.eyJzdWIiOjU2LCJlbWFpbCI6ImFkbWluLnJmQGNsaW5pY29yZS5xYSIsIm5vbWJyZXMiOiJBZG1pbiBSb2JvdCBGcmFtZXdvcmsiLCJyb2xJZCI6MSwic3VjdXJzYWxJZCI6MSwiaWF0IjoxNzgxOTkxOTkxLCJleHA...</msg>
<var>${token}</var>
<doc>Realiza POST /auth/login y devuelve el access_token JWT.
NestJS @Post sin @HttpCode devuelve 201 por defecto.</doc>
<status status="PASS" start="2026-06-20T16:46:31.728248" elapsed="0.244219"/>
</kw>
<kw name="Set Global Variable" owner="BuiltIn">
<msg time="2026-06-20T16:46:31.973260" level="INFO">${GLOBAL_TOKEN} = eyJhbGciOiJIUzI1NiIsInR5cCI6IkpXVCJ9.eyJzdWIiOjU2LCJlbWFpbCI6ImFkbWluLnJmQGNsaW5pY29yZS5xYSIsIm5vbWJyZXMiOiJBZG1pbiBSb2JvdCBGcmFtZXdvcmsiLCJyb2xJZCI6MSwic3VjdXJzYWxJZCI6MSwiaWF0IjoxNzgxOTkxOTkxLCJleHA...</msg>
<arg>${GLOBAL_TOKEN}</arg>
<arg>${token}</arg>
<doc>Makes a variable available globally in all tests and suites.</doc>
<status status="PASS" start="2026-06-20T16:46:31.972554" elapsed="0.000740"/>
</kw>
<kw name="Crear Headers Con Token" owner="auth_keywords">
<kw name="Create Dictionary" owner="BuiltIn">
<msg time="2026-06-20T16:46:31.973944" level="INFO">${headers} = {'Content-Type': 'application/json', 'Authorization': 'Bearer eyJhbGciOiJIUzI1NiIsInR5cCI6IkpXVCJ9.eyJzdWIiOjU2LCJlbWFpbCI6ImFkbWluLnJmQGNsaW5pY29yZS5xYSIsIm5vbWJyZXMiOiJBZG1pbiBSb2JvdCBGcmFtZXdvcmsiL...</msg>
<var>${headers}</var>
<arg>Content-Type=${CONTENT_TYPE}</arg>
<arg>Authorization=Bearer ${token}</arg>
<doc>Creates and returns a dictionary based on the given ``items``.</doc>
<status status="PASS" start="2026-06-20T16:46:31.973644" elapsed="0.000321"/>
</kw>
<return>
<value>${headers}</value>
<status status="PASS" start="2026-06-20T16:46:31.974004" elapsed="0.000026"/>
</return>
<msg time="2026-06-20T16:46:31.974130" level="INFO">${headers} = {'Content-Type': 'application/json', 'Authorization': 'Bearer eyJhbGciOiJIUzI1NiIsInR5cCI6IkpXVCJ9.eyJzdWIiOjU2LCJlbWFpbCI6ImFkbWluLnJmQGNsaW5pY29yZS5xYSIsIm5vbWJyZXMiOiJBZG1pbiBSb2JvdCBGcmFtZXdvcmsiL...</msg>
<var>${headers}</var>
<arg>${token}</arg>
<doc>Devuelve dict de headers con Authorization Bearer.</doc>
<status status="PASS" start="2026-06-20T16:46:31.973441" elapsed="0.000709"/>
</kw>
<kw name="Set Global Variable" owner="BuiltIn">
<msg time="2026-06-20T16:46:31.974981" level="INFO">${GLOBAL_HEADERS} = {'Content-Type': 'application/json', 'Authorization': 'Bearer eyJhbGciOiJIUzI1NiIsInR5cCI6IkpXVCJ9.eyJzdWIiOjU2LCJlbWFpbCI6ImFkbWluLnJmQGNsaW5pY29yZS5xYSIsIm5vbWJyZXMiOiJBZG1pbiBSb2JvdCBGcmFtZXdvcmsiL...</msg>
<arg>${GLOBAL_HEADERS}</arg>
<arg>${headers}</arg>
<doc>Makes a variable available globally in all tests and suites.</doc>
<status status="PASS" start="2026-06-20T16:46:31.974223" elapsed="0.000793"/>
</kw>
<kw name="Create Session" owner="RequestsLibrary">
<msg time="2026-06-20T16:46:31.975276" level="INFO">Creating Session using : alias=gateway, url=http://localhost:3002/api/v1, headers={'Content-Type': 'application/json', 'Authorization': 'Bearer eyJhbGciOiJIUzI1NiIsInR5cCI6IkpXVCJ9.eyJzdWIiOjU2LCJlbWFpbCI6ImFkbWluLnJmQGNsaW5pY29yZS5xYSIsIm5vbWJyZXMiOiJBZG1pbiBSb2JvdCBGcmFtZXdvcmsiLCJyb2xJZCI6MSwic3VjdXJzYWxJZCI6MSwiaWF0IjoxNzgxOTkxOTkxLCJleHAiOjE3ODE5OTI4OTF9.dvhuIeZik3UZIchXS96LLRGu7tqVUnCXozkEo5TybZA'},                     cookies={}, auth=None, timeout=None, proxies=None, verify=False,                     debug=0 </msg>
<arg>gateway</arg>
<arg>${GATEWAY_URL}</arg>
<arg>headers=${headers}</arg>
<arg>verify=${FALSE}</arg>
<doc>Create Session: create a HTTP session to a server</doc>
<status status="PASS" start="2026-06-20T16:46:31.975091" elapsed="0.000363"/>
</kw>
<kw name="Log" owner="BuiltIn">
<msg time="2026-06-20T16:46:31.976020" level="INFO">Sesion global iniciada — token: eyJhbGciOiJIUzI1NiIsInR5cCI6Ik...</msg>
<arg>Sesion global iniciada — token: ${token[:30]}...</arg>
<doc>Logs the given message with the given level.</doc>
<status status="PASS" start="2026-06-20T16:46:31.975535" elapsed="0.000521"/>
</kw>
<status status="PASS" start="2026-06-20T16:46:31.727892" elapsed="0.248207"/>
</kw>
<suite id="s1-s1" name="01 Auth" source="D:\MISSI\💀 Segundo Cuatrimestre 💀\Trabajo Fin de Máster\Desarrollo\CliniCore_Tests\tests\01_auth">
<suite id="s1-s1-s1" name="TC Auth" source="D:\MISSI\💀 Segundo Cuatrimestre 💀\Trabajo Fin de Máster\Desarrollo\CliniCore_Tests\tests\01_auth\TC_Auth.robot">
<kw name="Create Session" owner="RequestsLibrary" type="SETUP">
<msg time="2026-06-20T16:46:31.981442" level="INFO">Creating Session using : alias=gateway_pub, url=http://localhost:3002/api/v1, headers={},                     cookies={}, auth=None, timeout=None, proxies=None, verify=False,                     debug=0 </msg>
<arg>gateway_pub</arg>
<arg>${GATEWAY_URL}</arg>
<arg>verify=${FALSE}</arg>
<doc>Create Session: create a HTTP session to a server</doc>
<status status="PASS" start="2026-06-20T16:46:31.981219" elapsed="0.000383"/>
</kw>
<test id="s1-s1-s1-t1" name="TC-AUTH-001: Health Check Del API Gateway" line="15">
<kw name="GET" owner="RequestsLibrary">
<msg time="2026-06-20T16:46:32.064155" level="INFO">GET Request : url=http://localhost:3002/api/v1/health 
 path_url=/api/v1/health 
 headers={'User-Agent': 'python-requests/2.34.2', 'Accept-Encoding': 'gzip, deflate, zstd', 'Accept': '*/*', 'Connection': 'keep-alive'} 
 body=None 
 </msg>
<msg time="2026-06-20T16:46:32.064253" level="INFO">GET Response : url=http://localhost:3002/api/v1/health 
 status=200, reason=OK 
 headers={'Content-Security-Policy': "default-src 'self';base-uri 'self';font-src 'self' https: data:;form-action 'self';frame-ancestors 'self';img-src 'self' data:;object-src 'none';script-src 'self';script-src-attr 'none';style-src 'self' https: 'unsafe-inline';upgrade-insecure-requests", 'Cross-Origin-Opener-Policy': 'same-origin', 'Cross-Origin-Resource-Policy': 'cross-origin', 'Origin-Agent-Cluster': '?1', 'Referrer-Policy': 'no-referrer', 'Strict-Transport-Security': 'max-age=31536000; includeSubDomains; preload', 'X-Content-Type-Options': 'nosniff', 'X-DNS-Prefetch-Control': 'off', 'X-Download-Options': 'noopen', 'X-Frame-Options': 'DENY', 'X-Permitted-Cross-Domain-Policies': 'none', 'X-XSS-Protection': '0', 'Vary': 'Origin', 'Access-Control-Allow-Credentials': 'true', 'X-RateLimit-Limit': '300', 'X-RateLimit-Remaining': '299', 'X-RateLimit-Reset': '60', 'Content-Type': 'application/json; charset=utf-8', 'Content-Length': '198', 'ETag': 'W/"c6-3CqLhkspT1qmUY1hgyMduYC8ZJk"', 'Date': 'Sat, 20 Jun 2026 21:46:32 GMT', 'Connection': 'keep-alive', 'Keep-Alive': 'timeout=5'} 
 body={"service":"clinicore-api-gateway","status":"ok","port":3002,"auth":{"enabled":false,"provider":"passport","strategy":"jwt"},"database":"up","activeRoutes":17,"timestamp":"2026-06-20T21:46:32.061Z"} 
 </msg>
<msg time="2026-06-20T16:46:32.064516" level="INFO">${resp} = &lt;Response [200]&gt;</msg>
<var>${resp}</var>
<arg>url=${GATEWAY_URL}/health</arg>
<doc>Sends a GET request.</doc>
<status status="PASS" start="2026-06-20T16:46:31.982109" elapsed="0.082434"/>
</kw>
<kw name="Status Should Be" owner="RequestsLibrary">
<arg>200</arg>
<arg>${resp}</arg>
<doc>Fails if response status code is different than the expected.</doc>
<status status="PASS" start="2026-06-20T16:46:32.064814" elapsed="0.000233"/>
</kw>
<kw name="Log" owner="BuiltIn">
<msg time="2026-06-20T16:46:32.065967" level="INFO">Gateway activo: {"service":"clinicore-api-gateway","status":"ok","port":3002,"auth":{"enabled":false,"provider":"passport","strategy":"jwt"},"database":"up","activeRoutes":17,"timestamp":"2026-06-20T21:46:32.061Z"}</msg>
<arg>Gateway activo: ${resp.text}</arg>
<doc>Logs the given message with the given level.</doc>
<status status="PASS" start="2026-06-20T16:46:32.065245" elapsed="0.000764"/>
</kw>
<doc>El endpoint /health debe responder 200 sin autenticación.</doc>
<tag>auth</tag>
<tag>health</tag>
<tag>smoke</tag>
<status status="PASS" start="2026-06-20T16:46:31.981685" elapsed="0.084500"/>
</test>
<test id="s1-s1-s1-t2" name="TC-AUTH-002: Login Exitoso Con Credenciales Validas" line="22">
<kw name="Create Dictionary" owner="BuiltIn">
<msg time="2026-06-20T16:46:32.067269" level="INFO">${body} = {'email': 'admin.rf@clinicore.qa', 'password': 'Admin123!'}</msg>
<var>${body}</var>
<arg>email=${ADMIN_EMAIL}</arg>
<arg>password=${ADMIN_PASSWORD}</arg>
<doc>Creates and returns a dictionary based on the given ``items``.</doc>
<status status="PASS" start="2026-06-20T16:46:32.066950" elapsed="0.000369"/>
</kw>
<kw name="POST" owner="RequestsLibrary">
<msg time="2026-06-20T16:46:32.132724" level="INFO">POST Request : url=http://localhost:3002/api/v1/auth/login 
 path_url=/api/v1/auth/login 
 headers={'User-Agent': 'python-requests/2.34.2', 'Accept-Encoding': 'gzip, deflate, zstd', 'Accept': '*/*', 'Connection': 'keep-alive', 'Content-Length': '59', 'Content-Type': 'application/json'} 
 body=b'{"email": "admin.rf@clinicore.qa", "password": "Admin123!"}' 
 </msg>
<msg time="2026-06-20T16:46:32.132829" level="INFO">POST Response : url=http://localhost:3002/api/v1/auth/login 
 status=201, reason=Created 
 headers={'Content-Security-Policy': "default-src 'self';base-uri 'self';font-src 'self' https: data:;form-action 'self';frame-ancestors 'self';img-src 'self' data:;object-src 'none';script-src 'self';script-src-attr 'none';style-src 'self' https: 'unsafe-inline';upgrade-insecure-requests", 'Cross-Origin-Opener-Policy': 'same-origin', 'Cross-Origin-Resource-Policy': 'cross-origin', 'Origin-Agent-Cluster': '?1', 'Referrer-Policy': 'no-referrer', 'Strict-Transport-Security': 'max-age=31536000; includeSubDomains; preload', 'X-Content-Type-Options': 'nosniff', 'X-DNS-Prefetch-Control': 'off', 'X-Download-Options': 'noopen', 'X-Frame-Options': 'DENY', 'X-Permitted-Cross-Domain-Policies': 'none', 'X-XSS-Protection': '0', 'Vary': 'Origin', 'Access-Control-Allow-Credentials': 'true', 'X-RateLimit-Limit': '300', 'X-RateLimit-Remaining': '298', 'X-RateLimit-Reset': '60', 'Content-Type': 'application/json; charset=utf-8', 'Content-Length': '889', 'ETag': 'W/"379-qG43HpuDoQ3fy1wMImnS60Kp/Jo"', 'Date': 'Sat, 20 Jun 2026 21:46:32 GMT', 'Connection': 'keep-alive', 'Keep-Alive': 'timeout=5'} 
 body={"access_token":"eyJhbGciOiJIUzI1NiIsInR5cCI6IkpXVCJ9.eyJzdWIiOjU2LCJlbWFpbCI6ImFkbWluLnJmQGNsaW5pY29yZS5xYSIsIm5vbWJyZXMiOiJBZG1pbiBSb2JvdCBGcmFtZXdvcmsiLCJyb2xJZCI6MSwic3VjdXJzYWxJZCI6MSwiaWF0IjoxNzgxOTkxOTkyLCJleHAiOjE3ODE5OTI4OTJ9.OyfqX2mFSYAVTxGN5w4CSFiUjmE0Ht1MWA_fA5Mxv7s","usuario":{"id":56,"nombres":"Admin Robot Framework","email":"admin.rf@clinicore.qa","celular":"3000000099","cargo":"Administrador QA","roles":"Administrador","foto":null,"estado":"ACTIVO","sucursalId":1,"rolId":1,"sucursal":{"id":1,"nombre":"Sede Norte","direccion":"Calle 123 #45-67","telefono":"3005551001","email":"norte@clinicavet.test","redes":"https://instagram.com/clinicavet.norte","logo":"https://picsum.photos/seed/sede-norte/600/400","estado":"ACTIVO"},"rol":{"id":1,"nombre":"Administrador","descripcion":"Acceso completo a la plataforma.","permisoIds":[1,2,3,4,5,6,7,8,9,10],"estado":"ACTIVO"}}} 
 </msg>
<msg time="2026-06-20T16:46:32.132997" level="INFO">${resp} = &lt;Response [201]&gt;</msg>
<var>${resp}</var>
<arg>url=${GATEWAY_URL}/auth/login</arg>
<arg>json=${body}</arg>
<arg>expected_status=201</arg>
<doc>Sends a POST request.</doc>
<status status="PASS" start="2026-06-20T16:46:32.067473" elapsed="0.065568"/>
</kw>
<kw name="Status Should Be" owner="RequestsLibrary">
<arg>201</arg>
<arg>${resp}</arg>
<doc>Fails if response status code is different than the expected.</doc>
<status status="PASS" start="2026-06-20T16:46:32.133298" elapsed="0.000201"/>
</kw>
<kw name="Dictionary Should Contain Key" owner="Collections">
<arg>${resp.json()}</arg>
<arg>access_token</arg>
<doc>Fails if ``key`` is not found from ``dictionary``.</doc>
<status status="PASS" start="2026-06-20T16:46:32.133687" elapsed="0.000511"/>
</kw>
<kw name="Get From Dictionary" owner="Collections">
<msg time="2026-06-20T16:46:32.134818" level="INFO">${token} = eyJhbGciOiJIUzI1NiIsInR5cCI6IkpXVCJ9.eyJzdWIiOjU2LCJlbWFpbCI6ImFkbWluLnJmQGNsaW5pY29yZS5xYSIsIm5vbWJyZXMiOiJBZG1pbiBSb2JvdCBGcmFtZXdvcmsiLCJyb2xJZCI6MSwic3VjdXJzYWxJZCI6MSwiaWF0IjoxNzgxOTkxOTkyLCJleHA...</msg>
<var>${token}</var>
<arg>${resp.json()}</arg>
<arg>access_token</arg>
<doc>Returns a value from the given ``dictionary`` based on the given ``key``.</doc>
<status status="PASS" start="2026-06-20T16:46:32.134358" elapsed="0.000482"/>
</kw>
<kw name="Should Not Be Empty" owner="BuiltIn">
<msg time="2026-06-20T16:46:32.135254" level="INFO">Length is 261.</msg>
<arg>${token}</arg>
<doc>Verifies that the given item is not empty.</doc>
<status status="PASS" start="2026-06-20T16:46:32.134990" elapsed="0.000302"/>
</kw>
<kw name="Log" owner="BuiltIn">
<msg time="2026-06-20T16:46:32.136092" level="INFO">Token recibido (primeros 30 chars): eyJhbGciOiJIUzI1NiIsInR5cCI6Ik...</msg>
<arg>Token recibido (primeros 30 chars): ${token[:30]}...</arg>
<doc>Logs the given message with the given level.</doc>
<status status="PASS" start="2026-06-20T16:46:32.135477" elapsed="0.000655"/>
</kw>
<doc>El administrador se autentica y recibe un access_token no vacío.</doc>
<tag>auth</tag>
<tag>positivo</tag>
<tag>smoke</tag>
<status status="PASS" start="2026-06-20T16:46:32.066557" elapsed="0.069741"/>
</test>
<test id="s1-s1-s1-t3" name="TC-AUTH-008: Token Valido Permite Acceso A Ruta Protegida" line="77">
<kw name="Obtener Token De Autenticacion" owner="auth_keywords">
<kw name="Create Dictionary" owner="BuiltIn">
<msg time="2026-06-20T16:46:32.137749" level="INFO">${body} = {'email': 'admin.rf@clinicore.qa', 'password': 'Admin123!'}</msg>
<var>${body}</var>
<arg>email=${ADMIN_EMAIL}</arg>
<arg>password=${ADMIN_PASSWORD}</arg>
<doc>Creates and returns a dictionary based on the given ``items``.</doc>
<status status="PASS" start="2026-06-20T16:46:32.137367" elapsed="0.000411"/>
</kw>
<kw name="POST" owner="RequestsLibrary">
<msg time="2026-06-20T16:46:32.200235" level="INFO">POST Request : url=http://localhost:3002/api/v1/auth/login 
 path_url=/api/v1/auth/login 
 headers={'User-Agent': 'python-requests/2.34.2', 'Accept-Encoding': 'gzip, deflate, zstd', 'Accept': '*/*', 'Connection': 'keep-alive', 'Content-Length': '59', 'Content-Type': 'application/json'} 
 body=b'{"email": "admin.rf@clinicore.qa", "password": "Admin123!"}' 
 </msg>
<msg time="2026-06-20T16:46:32.200327" level="INFO">POST Response : url=http://localhost:3002/api/v1/auth/login 
 status=201, reason=Created 
 headers={'Content-Security-Policy': "default-src 'self';base-uri 'self';font-src 'self' https: data:;form-action 'self';frame-ancestors 'self';img-src 'self' data:;object-src 'none';script-src 'self';script-src-attr 'none';style-src 'self' https: 'unsafe-inline';upgrade-insecure-requests", 'Cross-Origin-Opener-Policy': 'same-origin', 'Cross-Origin-Resource-Policy': 'cross-origin', 'Origin-Agent-Cluster': '?1', 'Referrer-Policy': 'no-referrer', 'Strict-Transport-Security': 'max-age=31536000; includeSubDomains; preload', 'X-Content-Type-Options': 'nosniff', 'X-DNS-Prefetch-Control': 'off', 'X-Download-Options': 'noopen', 'X-Frame-Options': 'DENY', 'X-Permitted-Cross-Domain-Policies': 'none', 'X-XSS-Protection': '0', 'Vary': 'Origin', 'Access-Control-Allow-Credentials': 'true', 'X-RateLimit-Limit': '300', 'X-RateLimit-Remaining': '297', 'X-RateLimit-Reset': '60', 'Content-Type': 'application/json; charset=utf-8', 'Content-Length': '889', 'ETag': 'W/"379-qG43HpuDoQ3fy1wMImnS60Kp/Jo"', 'Date': 'Sat, 20 Jun 2026 21:46:32 GMT', 'Connection': 'keep-alive', 'Keep-Alive': 'timeout=5'} 
 body={"access_token":"eyJhbGciOiJIUzI1NiIsInR5cCI6IkpXVCJ9.eyJzdWIiOjU2LCJlbWFpbCI6ImFkbWluLnJmQGNsaW5pY29yZS5xYSIsIm5vbWJyZXMiOiJBZG1pbiBSb2JvdCBGcmFtZXdvcmsiLCJyb2xJZCI6MSwic3VjdXJzYWxJZCI6MSwiaWF0IjoxNzgxOTkxOTkyLCJleHAiOjE3ODE5OTI4OTJ9.OyfqX2mFSYAVTxGN5w4CSFiUjmE0Ht1MWA_fA5Mxv7s","usuario":{"id":56,"nombres":"Admin Robot Framework","email":"admin.rf@clinicore.qa","celular":"3000000099","cargo":"Administrador QA","roles":"Administrador","foto":null,"estado":"ACTIVO","sucursalId":1,"rolId":1,"sucursal":{"id":1,"nombre":"Sede Norte","direccion":"Calle 123 #45-67","telefono":"3005551001","email":"norte@clinicavet.test","redes":"https://instagram.com/clinicavet.norte","logo":"https://picsum.photos/seed/sede-norte/600/400","estado":"ACTIVO"},"rol":{"id":1,"nombre":"Administrador","descripcion":"Acceso completo a la plataforma.","permisoIds":[1,2,3,4,5,6,7,8,9,10],"estado":"ACTIVO"}}} 
 </msg>
<msg time="2026-06-20T16:46:32.200487" level="INFO">${resp} = &lt;Response [201]&gt;</msg>
<var>${resp}</var>
<arg>url=${GATEWAY_URL}/auth/login</arg>
<arg>json=${body}</arg>
<arg>expected_status=201</arg>
<doc>Sends a POST request.</doc>
<status status="PASS" start="2026-06-20T16:46:32.137882" elapsed="0.062632"/>
</kw>
<kw name="Dictionary Should Contain Key" owner="Collections">
<arg>${resp.json()}</arg>
<arg>access_token</arg>
<doc>Fails if ``key`` is not found from ``dictionary``.</doc>
<status status="PASS" start="2026-06-20T16:46:32.200654" elapsed="0.000534"/>
</kw>
<kw name="Get From Dictionary" owner="Collections">
<msg time="2026-06-20T16:46:32.201711" level="INFO">${token} = eyJhbGciOiJIUzI1NiIsInR5cCI6IkpXVCJ9.eyJzdWIiOjU2LCJlbWFpbCI6ImFkbWluLnJmQGNsaW5pY29yZS5xYSIsIm5vbWJyZXMiOiJBZG1pbiBSb2JvdCBGcmFtZXdvcmsiLCJyb2xJZCI6MSwic3VjdXJzYWxJZCI6MSwiaWF0IjoxNzgxOTkxOTkyLCJleHA...</msg>
<var>${token}</var>
<arg>${resp.json()}</arg>
<arg>access_token</arg>
<doc>Returns a value from the given ``dictionary`` based on the given ``key``.</doc>
<status status="PASS" start="2026-06-20T16:46:32.201271" elapsed="0.000461"/>
</kw>
<kw name="Should Not Be Empty" owner="BuiltIn">
<msg time="2026-06-20T16:46:32.202045" level="INFO">Length is 261.</msg>
<arg>${token}</arg>
<doc>Verifies that the given item is not empty.</doc>
<status status="PASS" start="2026-06-20T16:46:32.201805" elapsed="0.000274"/>
</kw>
<return>
<value>${token}</value>
<status status="PASS" start="2026-06-20T16:46:32.202126" elapsed="0.000034"/>
</return>
<msg time="2026-06-20T16:46:32.202260" level="INFO">${token} = eyJhbGciOiJIUzI1NiIsInR5cCI6IkpXVCJ9.eyJzdWIiOjU2LCJlbWFpbCI6ImFkbWluLnJmQGNsaW5pY29yZS5xYSIsIm5vbWJyZXMiOiJBZG1pbiBSb2JvdCBGcmFtZXdvcmsiLCJyb2xJZCI6MSwic3VjdXJzYWxJZCI6MSwiaWF0IjoxNzgxOTkxOTkyLCJleHA...</msg>
<var>${token}</var>
<doc>Realiza POST /auth/login y devuelve el access_token JWT.
NestJS @Post sin @HttpCode devuelve 201 por defecto.</doc>
<status status="PASS" start="2026-06-20T16:46:32.137192" elapsed="0.065086"/>
</kw>
<kw name="Crear Headers Con Token" owner="auth_keywords">
<kw name="Create Dictionary" owner="BuiltIn">
<msg time="2026-06-20T16:46:32.203202" level="INFO">${headers} = {'Content-Type': 'application/json', 'Authorization': 'Bearer eyJhbGciOiJIUzI1NiIsInR5cCI6IkpXVCJ9.eyJzdWIiOjU2LCJlbWFpbCI6ImFkbWluLnJmQGNsaW5pY29yZS5xYSIsIm5vbWJyZXMiOiJBZG1pbiBSb2JvdCBGcmFtZXdvcmsiL...</msg>
<var>${headers}</var>
<arg>Content-Type=${CONTENT_TYPE}</arg>
<arg>Authorization=Bearer ${token}</arg>
<doc>Creates and returns a dictionary based on the given ``items``.</doc>
<status status="PASS" start="2026-06-20T16:46:32.202836" elapsed="0.000393"/>
</kw>
<return>
<value>${headers}</value>
<status status="PASS" start="2026-06-20T16:46:32.203271" elapsed="0.000020"/>
</return>
<msg time="2026-06-20T16:46:32.203377" level="INFO">${headers} = {'Content-Type': 'application/json', 'Authorization': 'Bearer eyJhbGciOiJIUzI1NiIsInR5cCI6IkpXVCJ9.eyJzdWIiOjU2LCJlbWFpbCI6ImFkbWluLnJmQGNsaW5pY29yZS5xYSIsIm5vbWJyZXMiOiJBZG1pbiBSb2JvdCBGcmFtZXdvcmsiL...</msg>
<var>${headers}</var>
<arg>${token}</arg>
<doc>Devuelve dict de headers con Authorization Bearer.</doc>
<status status="PASS" start="2026-06-20T16:46:32.202575" elapsed="0.000838"/>
</kw>
<kw name="GET" owner="RequestsLibrary">
<msg time="2026-06-20T16:46:32.254237" level="INFO">GET Request : url=http://localhost:3002/api/v1/pacientes 
 path_url=/api/v1/pacientes 
 headers={'User-Agent': 'python-requests/2.34.2', 'Accept-Encoding': 'gzip, deflate, zstd', 'Accept': '*/*', 'Connection': 'keep-alive', 'Content-Type': 'application/json', 'Authorization': 'Bearer eyJhbGciOiJIUzI1NiIsInR5cCI6IkpXVCJ9.eyJzdWIiOjU2LCJlbWFpbCI6ImFkbWluLnJmQGNsaW5pY29yZS5xYSIsIm5vbWJyZXMiOiJBZG1pbiBSb2JvdCBGcmFtZXdvcmsiLCJyb2xJZCI6MSwic3VjdXJzYWxJZCI6MSwiaWF0IjoxNzgxOTkxOTkyLCJleHAiOjE3ODE5OTI4OTJ9.OyfqX2mFSYAVTxGN5w4CSFiUjmE0Ht1MWA_fA5Mxv7s'} 
 body=None 
 </msg>
<msg time="2026-06-20T16:46:32.254347" level="INFO">GET Response : url=http://localhost:3002/api/v1/pacientes 
 status=200, reason=OK 
 headers={'Content-Security-Policy': "default-src 'self';base-uri 'self';font-src 'self' https: data:;form-action 'self';frame-ancestors 'self';img-src 'self' data:;object-src 'none';script-src 'self';script-src-attr 'none';style-src 'self' https: 'unsafe-inline';upgrade-insecure-requests", 'Cross-Origin-Opener-Policy': 'same-origin', 'Cross-Origin-Resource-Policy': 'cross-origin', 'Origin-Agent-Cluster': '?1', 'Referrer-Policy': 'no-referrer', 'Strict-Transport-Security': 'max-age=31536000; includeSubDomains; preload', 'X-Content-Type-Options': 'nosniff', 'X-DNS-Prefetch-Control': 'off', 'X-Download-Options': 'noopen', 'X-Frame-Options': 'DENY', 'X-Permitted-Cross-Domain-Policies': 'none', 'X-XSS-Protection': '0', 'Vary': 'Origin', 'Access-Control-Allow-Credentials': 'true', 'Content-Type': 'application/json; charset=utf-8', 'Content-Length': '6267', 'ETag': 'W/"187b-MiLt556oqKeshddmTm4LaIwGFV8"', 'Date': 'Sat, 20 Jun 2026 21:46:32 GMT', 'Connection': 'keep-alive', 'Keep-Alive': 'timeout=5'} 
 body=[{"id":1,"nombre":"Milo","edad":"3 anos","sexo":"Macho","especie":"Canino","raza":"Beagle","peso":"12 kg","castrado":true,"foto":"https://picsum.photos/seed/milo/600/400","fechaNacimiento":"2022-01-10T00:00:00.000Z","fechaIngreso":"2025-01-12T00:00:00.000Z","estado":"ACTIVO","clienteId":1,"sedeId":1,"historiaClinicaId":1001,"alimentoPrincipal":"Concentrado premium para razas medianas","cliente":{"id":1,"nombres":"Camila Rodriguez","email":"camila.rodriguez@test.com","celular":"3001112233","telefonoAlterno":"6015550101","direccion":"Cra 45 #12-89","ciudad":"Bogota","documento":"CC10203040","cumpleanos":"1992-05-14T00:00:00.000Z","observaciones":"Prefiere contacto por WhatsApp en horario de la tarde.","estado":"ACTIVO"},"sede":{"id":1,"nombre":"Sede Norte","direccion":"Calle 123 #45-67","telefono":"3005551001","email":"norte@clinicavet.test","redes":"https://instagram.com/clinicavet.norte","logo":"https://picsum.photos/seed/sede-norte/600/400","estado":"ACTIVO"}},{"id":2,"nombre":"Luna","edad":"5 anos","sexo":"Hembra","especie":"Felino","raza":"Siames","peso":"4.2 kg","castrado":true,"foto":"https://picsum.photos/seed/luna/600/400","fechaNacimiento":"2020-06-03T00:00:00.000Z","fechaIngreso":"2024-08-20T00:00:00.000Z","estado":"ACTIVO","clienteId":2,"sedeId":2,"historiaClinicaId":1002,"alimentoPrincipal":"Alimento humedo hipoalergenico","cliente":{"id":2,"nombres":"Javier Ramirez","email":"javier.ramirez@test.com","celular":"3004445566","telefonoAlterno":"6045550202","direccion":"Av. 80 #50-20","ciudad":"Medellin","documento":"CC50607080","cumpleanos":"1988-11-03T00:00:00.000Z","observaciones":"Solicita recordatorios con un dia de anticipacion.","estado":"ACTIVO"},"sede":{"id":2,"nombre":"Sede Centro","direccion":"Carrera 10 #20-30","telefono":"3005551002","email":"centro@clinicavet.test","redes":"https://facebook.com/clinicavet.centro","logo":"https://picsum.photos/seed/sede-centro/600/400","estado":"ACTIVO"}},{"id":3,"nombre":"Nalita","edad":"1 ano","sexo":"Hembra","especie":"Canino","raza":"Mestizo","peso":"8.4 kg","castrado":false,"foto":"https://picsum.photos/seed/nala/600/400","fechaNacimiento":"2024-04-12T00:00:00.000Z","fechaIngreso":"2025-12-02T00:00:00.000Z","estado":"ACTIVO","clienteId":3,"sedeId":1,"historiaClinicaId":1003,"alimentoPrincipal":"Concentrado puppy razas pequenas","cliente":{"id":3,"nombres":"Laura Martinez","email":"laura.martinez@test.com","celular":"3007778899","telefonoAlterno":"6025550303","direccion":"Calle 9 #18-44","ciudad":"Cali","documento":"CC90102030","cumpleanos":"1995-02-21T00:00:00.000Z","observaciones":"Paciente con historial de alergias alimentarias.","estado":"ACTIVO"},"sede":{"id":1,"nombre":"Sede Norte","direccion":"Calle 123 #45-67","telefono":"3005551001","email":"norte@clinicavet.test","redes":"https://instagram.com/clinicavet.norte","logo":"https://picsum.photos/seed/sede-norte/600/400","estado":"ACTIVO"}},{"id":4,"nombre":"Pipo","edad":"4 años","sexo":"Macho","especie":"Canino","raza":"criollo","peso":"3 ks","castrado":true,"foto":"","fechaNacimiento":null,"fechaIngreso":"2026-06-02T00:00:00.000Z","estado":"ACTIVO","clienteId":1,"sedeId":1,"historiaClinicaId":null,"alimentoPrincipal":"No especificado","cliente":{"id":1,"nombres":"Camila Rodriguez","email":"camila.rodriguez@test.com","celular":"3001112233","telefonoAlterno":"6015550101","direccion":"Cra 45 #12-89","ciudad":"Bogota","documento":"CC10203040","cumpleanos":"1992-05-14T00:00:00.000Z","observaciones":"Prefiere contacto por WhatsApp en horario de la tarde.","estado":"ACTIVO"},"sede":{"id":1,"nombre":"Sede Norte","direccion":"Calle 123 #45-67","telefono":"3005551001","email":"norte@clinicavet.test","redes":"https://instagram.com/clinicavet.norte","logo":"https://picsum.photos/seed/sede-norte/600/400","estado":"ACTIVO"}},{"id":6,"nombre":"Test","edad":"2 anios","sexo":"Macho","especie":"Canino","raza":"Mestizo","peso":"10 kg","castrado":true,"foto":null,"fechaNacimiento":null,"fechaIngreso":"2026-06-20T00:00:00.000Z","estado":"ACTIVO","clienteId":1,"sedeId":1,"historiaClinicaId":null,"alimentoPrincipal":"Concentrado","cliente":{"id":1,"nombres":"Camila Rodriguez","email":"camila.rodriguez@test.com","celular":"3001112233","telefonoAlterno":"6015550101","direccion":"Cra 45 #12-89","ciudad":"Bogota","documento":"CC10203040","cumpleanos":"1992-05-14T00:00:00.000Z","observaciones":"Prefiere contacto por WhatsApp en horario de la tarde.","estado":"ACTIVO"},"sede":{"id":1,"nombre":"Sede Norte","direccion":"Calle 123 #45-67","telefono":"3005551001","email":"norte@clinicavet.test","redes":"https://instagram.com/clinicavet.norte","logo":"https://picsum.photos/seed/sede-norte/600/400","estado":"ACTIVO"}},{"id":8,"nombre":"Luna E2E","edad":"2 años","sexo":"Hembra","especie":"Felino","raza":"Persa","peso":"4 kg","castrado":true,"foto":null,"fechaNacimiento":null,"fechaIngreso":"2026-06-20T00:00:00.000Z","estado":"ACTIVO","clienteId":60,"sedeId":1,"historiaClinicaId":null,"alimentoPrincipal":"Pienso húmedo premium","cliente":{"id":60,"nombres":"María Fernanda López Rodríguez","email":"rf.20260620155820@clinicore.qa","celular":"3201234567","telefonoAlterno":null,"direccion":"Carrera 15 # 93-47 Apto 201","ciudad":"Bogotá","documento":"RF201558202831","cumpleanos":null,"observaciones":null,"estado":"ACTIVO"},"sede":{"id":1,"nombre":"Sede Norte","direccion":"Calle 123 #45-67","telefono":"3005551001","email":"norte@clinicavet.test","redes":"https://instagram.com/clinicavet.norte","logo":"https://picsum.photos/seed/sede-norte/600/400","estado":"ACTIVO"}},{"id":12,"nombre":"T","edad":"1","sexo":"M","especie":"C","raza":"M","peso":"1","castrado":true,"foto":null,"fechaNacimiento":null,"fechaIngreso":"2026-01-01T00:00:00.000Z","estado":"ACTIVO","clienteId":76,"sedeId":1,"historiaClinicaId":null,"alimentoPrincipal":"C","cliente":{"id":76,"nombres":"Test","email":"tmp@test.com","celular":"300","telefonoAlterno":null,"direccion":"A","ciudad":"B","documento":"9999","cumpleanos":null,"observaciones":null,"estado":"ACTIVO"},"sede":{"id":1,"nombre":"Sede Norte","direccion":"Calle 123 #45-67","telefono":"3005551001","email":"norte@clinicavet.test","redes":"https://instagram.com/clinicavet.norte","logo":"https://picsum.photos/seed/sede-norte/600/400","estado":"ACTIVO"}}] 
 </msg>
<msg time="2026-06-20T16:46:32.254522" level="INFO">${resp} = &lt;Response [200]&gt;</msg>
<var>${resp}</var>
<arg>url=${GATEWAY_URL}${ROUTE_PACIENTES}</arg>
<arg>headers=${headers}</arg>
<arg>expected_status=any</arg>
<doc>Sends a GET request.</doc>
<status status="PASS" start="2026-06-20T16:46:32.203567" elapsed="0.050978"/>
</kw>
<kw name="Should Be True" owner="BuiltIn">
<arg>${resp.status_code} in [200, 404]</arg>
<arg>msg=Con token válido se esperaba 200/404 (no 401/403), obtuvo ${resp.status_code}</arg>
<doc>Fails if the given condition is not true.</doc>
<status status="PASS" start="2026-06-20T16:46:32.254779" elapsed="0.001076"/>
</kw>
<doc>Con un token válido, el gateway proxía la petición al microservicio.</doc>
<tag>auth</tag>
<tag>positivo</tag>
<tag>smoke</tag>
<status status="PASS" start="2026-06-20T16:46:32.136694" elapsed="0.119319"/>
</test>
<doc>Suite de pruebas para el módulo de Autenticación del API Gateway.
Cubre login exitoso, validación de token JWT, rechazo por credenciales
inválidas y protección de rutas privadas.</doc>
<status status="PASS" start="2026-06-20T16:46:31.977355" elapsed="0.279279"/>
</suite>
<status status="PASS" start="2026-06-20T16:46:31.976157" elapsed="0.281332"/>
</suite>
<kw name="Delete All Sessions" owner="RequestsLibrary" type="TEARDOWN">
<msg time="2026-06-20T16:46:32.258217" level="INFO">Deleting All Sessions</msg>
<doc>Removes all the session objects</doc>
<status status="PASS" start="2026-06-20T16:46:32.258115" elapsed="0.000183"/>
</kw>
<doc>Inicialización global de la suite de pruebas CliniCore.
Realiza login UNA sola vez y crea la sesión HTTP compartida
para evitar múltiples llamadas a /auth/login que dispararían
el rate limiter del Gateway (20 req/min).</doc>
<status status="PASS" start="2026-06-20T16:46:31.508780" elapsed="0.749548"/>
</suite>
<statistics>
<total>
<stat pass="3" fail="0" skip="0">All Tests</stat>
</total>
<tag>
<stat pass="3" fail="0" skip="0">auth</stat>
<stat pass="1" fail="0" skip="0">health</stat>
<stat pass="2" fail="0" skip="0">positivo</stat>
<stat pass="3" fail="0" skip="0">smoke</stat>
</tag>
<suite>
<stat name="Tests" id="s1" pass="3" fail="0" skip="0">Tests</stat>
<stat name="01 Auth" id="s1-s1" pass="3" fail="0" skip="0">Tests.01 Auth</stat>
<stat name="TC Auth" id="s1-s1-s1" pass="3" fail="0" skip="0">Tests.01 Auth.TC Auth</stat>
</suite>
</statistics>
<errors>
</errors>
</robot>
